c:\users\1\desktop\курсовая\надо скинуть\итог\labrab\x64\debug\vc143.pdb
c:\users\1\desktop\курсовая\надо скинуть\итог\labrab\x64\debug\vc143.idb
c:\users\1\desktop\курсовая\надо скинуть\итог\labrab\x64\debug\sort.obj
c:\users\1\desktop\курсовая\надо скинуть\итог\labrab\x64\debug\show.obj
c:\users\1\desktop\курсовая\надо скинуть\итог\labrab\x64\debug\save.obj
c:\users\1\desktop\курсовая\надо скинуть\итог\labrab\x64\debug\reverse.obj
c:\users\1\desktop\курсовая\надо скинуть\итог\labrab\x64\debug\peredelkyrsa4.obj
c:\users\1\desktop\курсовая\надо скинуть\итог\labrab\x64\debug\organize.obj
c:\users\1\desktop\курсовая\надо скинуть\итог\labrab\x64\debug\move.obj
c:\users\1\desktop\курсовая\надо скинуть\итог\labrab\x64\debug\load.obj
c:\users\1\desktop\курсовая\надо скинуть\итог\labrab\x64\debug\list.obj
c:\users\1\desktop\курсовая\надо скинуть\итог\labrab\x64\debug\found.obj
c:\users\1\desktop\курсовая\надо скинуть\итог\labrab\x64\debug\filldatas.obj
c:\users\1\desktop\курсовая\надо скинуть\итог\labrab\x64\debug\delete.obj
c:\users\1\desktop\курсовая\надо скинуть\итог\labrab\x64\debug\correct.obj
c:\users\1\desktop\курсовая\надо скинуть\итог\labrab\x64\debug\checkindex.obj
c:\users\1\desktop\курсовая\надо скинуть\итог\labrab\x64\debug\addelement.obj
c:\users\1\desktop\курсовая\надо скинуть\итог\labrab\x64\debug\labrab.ilk
c:\users\1\desktop\курсовая\надо скинуть\итог\labrab\x64\debug\labrab.exe
c:\users\1\desktop\курсовая\надо скинуть\итог\labrab\x64\debug\labrab.pdb
c:\users\1\desktop\курсовая\надо скинуть\итог\labrab\x64\debug\labrab.tlog\cl.command.1.tlog
c:\users\1\desktop\курсовая\надо скинуть\итог\labrab\x64\debug\labrab.tlog\cl.items.tlog
c:\users\1\desktop\курсовая\надо скинуть\итог\labrab\x64\debug\labrab.tlog\cl.read.1.tlog
c:\users\1\desktop\курсовая\надо скинуть\итог\labrab\x64\debug\labrab.tlog\cl.write.1.tlog
c:\users\1\desktop\курсовая\надо скинуть\итог\labrab\x64\debug\labrab.tlog\link.command.1.tlog
c:\users\1\desktop\курсовая\надо скинуть\итог\labrab\x64\debug\labrab.tlog\link.read.1.tlog
c:\users\1\desktop\курсовая\надо скинуть\итог\labrab\x64\debug\labrab.tlog\link.write.1.tlog
